<?xml version="1.0" encoding="UTF-8"?>
<!-- Generated by org.testng.reporters.JUnitReportReporter -->
<testsuite hostname="DESKTOP-M2QS491" failures="0" tests="1" name="test.LoginTest" time="12.482" errors="0" timestamp="2024-04-05T20:21:31 IST" skipped="0">
  <testcase classname="test.LoginTest" name="verifyLogin" time="12.482"/>
  <system-out/>
</testsuite> <!-- test.LoginTest -->
