<?xml version="1.0" encoding="UTF-8"?>
<!-- Generated by org.testng.reporters.JUnitReportReporter -->
<testsuite hostname="DESKTOP-M2QS491" failures="0" tests="1" name="test.LoginTest" time="11.069" errors="0" timestamp="2024-03-29T10:29:55 IST" skipped="0">
  <testcase classname="test.LoginTest" name="verifyLogin" time="11.069"/>
  <system-out/>
</testsuite> <!-- test.LoginTest -->
